<?xml version="1.0" encoding="UTF-8"?>
<!-- Generated by org.testng.reporters.JUnitReportReporter -->
<testsuite hostname="DESKTOP-3PQUEKC" failures="0" tests="1" name="Multitest.Amazon" time="19.901" errors="0" timestamp="2023-10-15T00:10:32 IST" skipped="0">
  <testcase classname="Multitest.Amazon" name="YTTest" time="19.901"/>
</testsuite> <!-- Multitest.Amazon -->
