<?xml version="1.0" encoding="UTF-8"?>
<!-- Generated by org.testng.reporters.JUnitReportReporter -->
<testsuite hostname="DESKTOP-3PQUEKC" failures="0" tests="2" name="Multitest.TestNgScripts" time="1.052" errors="0" timestamp="2023-10-15T00:10:32 IST" skipped="0">
  <testcase classname="Multitest.TestNgScripts" name="DropDown" time="0.194"/>
  <testcase classname="Multitest.TestNgScripts" name="AdvanceDropDown" time="0.858"/>
</testsuite> <!-- Multitest.TestNgScripts -->
